<?xml version="1.0" ?>
<coverage version="7.3.2" timestamp="1699544785578" lines-valid="4" lines-covered="3" line-rate="0.75" branches-valid="0" branches-covered="0" branch-rate="1" complexity="0">
	<!-- Generated by coverage.py: https://coverage.readthedocs.io/en/7.3.2 -->
	<!-- Based on https://raw.githubusercontent.com/cobertura/web/master/htdocs/xml/coverage-04.dtd -->
	<sources>
		<source>/home/runner/work/ds-template-test/ds-template-test/src</source>
	</sources>
	<packages>
		<package name="default" line-rate="0.75" branch-rate="1" complexity="0">
			<classes>
				<class name="hello.py" filename="default/hello.py" complexity="0" line-rate="0.75" branch-rate="1">
					<methods/>
					<lines>
						<line number="3" hits="1"/>
						<line number="5" hits="0"/>
						<line number="8" hits="1"/>
						<line number="10" hits="1"/>
					</lines>
				</class>
			</classes>
		</package>
	</packages>
</coverage>
